Project: 
jro1979oliver - smartpack: up a tag
Sultan Qasim Khan - msm8916: Mild undervolt
Sultan Qasim Khan - msm8939: mild undervolt for heat reduction
jro1979oliver - Revert "cpuset: Add allow_attach hook for cpusets on android."
Akianonymus - msm8916.dtsi: Add proper node to get cluster topology info in KTM
Dmitry Torokhov - CHROMIUM: cgroups: relax permissions on moving tasks between cgroups
Dmitry Torokhov - CHROMIUM: remove Android's cgroup generic permissions checks
Rom Lemarchand - cgroup: refactor allow_attach function into common code
Wei Wang - init/main.c: add sync point between each level
Harshit Jain - [mm | lib]: disable some debug
Anik1199 - input: touchscreen: Handle additional framebuffer hints
Stephen Smalley - selinux: update netlink socket classes
Stephen Smalley - selinux: Remove unused permission definitions
Alex Yakavenka - security: Extend SELinux to support CAN sockets
Jeff Vander Stoep - BACKPORT: selinux: restrict kernel module loading
psndna88 - camerav2/sensor: silence log "Failed in getting TOP gdscr regulator handle"
Ben Hutchings - tcp: Clear sk_send_head after purging the write queue
Willem de Bruijn - packet: in recvmsg msg_name return at least sizeof sockaddr_ll
Eric Dumazet - ipv6/flowlabel: wait rcu grace period before put_pid()
Willem de Bruijn - ipv6: invert flowlabel sharing check in process and user mode
YueHaibing - fs/proc/proc_sysctl.c: Fix a NULL pointer dereference
Alan Stern - USB: core: Fix bug caused by duplicate interface PM usage counter
Alan Stern - USB: core: Fix unterminated string returned by usb_string()
Nikolay Aleksandrov - net: bridge: multicast: use rcu to access port list from br_multicast_start_querier
Jérôme Glisse - block: do not leak memory in bio_copy_user_iov()
Zubin Mithra - ALSA: seq: Fix OOB-reads from strlcpy
Steffen Klassert - xfrm4: Fix uninitialized memory read in _decode_session4
Steffen Klassert - xfrm4: Reload skb header pointers after calling pskb_may_pull.
Steffen Klassert - xfrm4: Fix header checks in _decode_session4.
YueHaibing - dccp: Fix memleak in __feat_register_sp
YueHaibing - fs/proc/proc_sysctl.c: fix NULL pointer dereference in put_links
Takashi Iwai - ALSA: pcm: Don't suspend stream in unrecoverable PCM state
Jann Horn - device_cgroup: fix RCU imbalance in error case
Xin Long - netfilter: bridge: set skb transport_header before entering NF_INET_PRE_ROUTING
Su Yanjun - xfrm6_tunnel: Fix potential panic when unloading xfrm6_tunnel module
Stephane Eranian - perf/core: Restore mmap record type correctly
Xin Long - ipv6: check sk sk_type and protocol early in ip_mroute_set/getsockopt
Eric Dumazet - l2tp: fix infoleak in l2tp_ip6_recvmsg()
Zev Weiss - kernel/sysctl.c: add missing range check in do_proc_dointvec_minmax_conv
Daniel Jordan - mm, swap: bounds check swap_info array accesses to avoid NULL derefs
Ido Schimmel - ip6mr: Do not call __IP6_INC_STATS() from preemptible context
YueHaibing - net-sysfs: Fix mem leak in netdev_register_kobject
Young Xiao - Bluetooth: hidp: fix buffer overflow
Matteo Croce - percpu: stop printing kernel addresses
Eric Dumazet - ipv4: fix a race in update_or_create_fnhe()
Eric Biggers - KEYS: allow reaching the keys quotas exactly
Kal Conley - net/packet: fix 4gb buffer limit due to overflow check
Shakeel Butt - mm, oom: fix use-after-free in oom_kill_process
Felix Fietkau - mac80211: ensure that mgmt tx skbs have tailroom for encryption
Jacob Wen - l2tp: copy 4 more bytes to linear part if necessary
Jason Gunthorpe - packet: Do not leak dev refcounts on error exit
Willem de Bruijn - packet: validate address length if non-zero
Willem de Bruijn - packet: validate address length
Takashi Iwai - ALSA: usb-audio: Always check descriptor sizes in parser code
Arnaldo Carvalho de Melo - perf parse-events: Fix unchecked usage of strncpy()
Arnaldo Carvalho de Melo - perf ui helpline: Use strlcpy() as a shorter form of strncpy() + explicit set nul
Arnaldo Carvalho de Melo - perf svghelper: Fix unchecked usage of strncpy()
Arnaldo Carvalho de Melo - perf help: Remove needless use of strncpy()
Maurizio Lombardi - ext4: missing unlock/put_page() in ext4_try_to_write_inline_data()
Pan Bian - f2fs: read page index before freeing
Takashi Iwai - ALSA: oss: Use kvzalloc() for local buffer allocations
Theodore Ts'o - ext4: avoid possible double brelse() in add_new_gdb() on error path
David Ahern - net/ipv6: Fix index counter for unicast addresses in in6_dump_addrs
Eric Dumazet - net: make skb_partial_csum_set() more robust against overflows
Wei Wang - ipv6: take rcu lock in rawv6_send_hdrinc()
Eric W. Biederman - ipv6: Compute net once in raw6_send_hdrinc
Jiri Olsa - perf/ring_buffer: Prevent concurent ring buffer access
Dan Carpenter - net: sched: act_ipt: check for underflow in __tcf_ipt_init()
Eric Dumazet - ipv6: fix possible use-after-free in ip6_xmit()
Mathias Nyman - usb: Avoid use-after-free by flushing endpoints early in usb_set_interface()
Mathias Nyman - usb: Don't die twice if PCI xhci host is not responding in resume
Sabrina Dubroca - ipv6: fix cleanup ordering for pingv6 registration
Theodore Ts'o - ext4: avoid divide by zero fault when deleting corrupted inline directories
Wei Wang - l2tp: use sk_dst_check() to avoid race on sk->sk_dst_cache
Eric Biggers - crypto: ablkcipher - fix crash flushing dcache in error path
Eric Biggers - crypto: blkcipher - fix crash flushing dcache in error path
Steffen Klassert - xfrm: Validate address prefix lengths in the xfrm selector.
Takashi Iwai - ALSA: seq: Fix poll() error return
YueHaibing - xfrm: fix 'passing zero to ERR_PTR()' warning
Takashi Iwai - ALSA: memalloc: Don't exceed over the requested size
Thomas Gleixner - alarmtimer: Prevent overflow for relative nanosleep
Eric Biggers - crypto: vmac - require a block cipher with 128-bit block size
Ondrej Mosnáček - audit: Fix extended comparison of GID/EGID
Pragaspathi Thilagaraj - wlan: Fix possible integer underflow in cfg80211_rx_mgmt
Abhinav Kumar - wlan: Fix OOB read in sme_RrmProcessBeaconReportReqInd
Pragaspathi Thilagaraj - wlan: Change RSNOpaque Min len to 2
Pragaspathi Thilagaraj - wlan: Use intersection of AP's and user's RSN cap in assoc req
Ashish Kumar Dhanotiya - wlan: Avoid possible information leak in send_btc_nlink_msg
Hardik Arya - diag: Prevent out-of-bound access while processing userspace data
Hardik Arya - diag: Prevent out-of-bound access while processing dci transaction
Manoj Prabhu B - diag: dci: Validate dci response length before parsing
Praveen Kurapati - msm: ipa: Fix to validate the buffer size
Manikanta Kanamarlapudi - msm: vidc: Add checks to avoid OOB access
Vijay kumar Tumati - msm: camera : Lock Implementation for avoid race condition
Hariram Purushothaman - msm: camera: Add stream base locks for all vb2 ops.
Ramesh V - msm: camera: Implementing stream base locks in qbuf, dqbuf, reqbufs.
Harshitha Sai Neelati - msm: kgsl: Bounding the size of allocation to UINT32_MAX
Soumya Managoli - ASoC: msm: Modify buf size check to prevent OOB error
kunleiz - lsm: check payload size validity before using it as array index
Deepak Kumar Singh - soc: qcom: qmi_encdec: Restrict string length in decode
Vignesh Kulothungan - msm: adm: modify adm callback payload size checks
Vatsal Bucha - qdsp6v2: q6usm: Check size of payload before access
Vatsal Bucha - dsp: q6voice: Check size of shared memory buffer before access
Xiaojun Sang - dsp: asm: validate payload size before access
Xiaoyu Ye - ASoC: msm: qdsp6v2: add range check for audio port index
Vatsal Bucha - qdsp6v2: q6usm: Check size of payload before access
Vatsal Bucha - qdsp6v2: q6usm: Check size of payload before access
Xiaoyu Ye - dsp: codecs: fix range check for audio buffer copying
Vignesh Kulothungan - msm: asm: validate ADSP data size before access
Hardik Arya - diag: Update msg mask's ranges properly
Ajit Pandey - drivers: soc: qcom: Added check to avoid opening multiple instance
Hardik Arya - diag: Mark Buffer as NULL after freeing
Hardik Arya - diag: Check mask size properly before copying to update buffer
Tingwei Zhang - msm: spm: return null when cpu node is not available
Manoj Prabhu B - diag: Update mask buffer after reallocation
jro1979oliver - Revert "cpu: Don't allow CPUs in the power cluster to be unplugged"
jro1979oliver - Revert "cpu: block cpu 0, 1, 2 and 3 from being unplugged"
jro1979oliver - SmartPack: Osprey beta v10
German Monroy - merge of reated changes kernel build: add Android makefile
Nathan Chancellor - kconfig: Avoid format overflow warning from GCC
Wei Wang - msm: sps: add safety check to avoid kernel panic
beroid - drivers: prima: Remove dump_lim_send_rrm_action
Vladimir Zapolskiy - ARM: dts: imx31: move CCM device node to AIPS2 bus devices
Vladimir Zapolskiy - ARM: dts: imx31: fix clock control module interrupts description
Ahmed-Hady - Compilation Fix: Add DTS_EAGLE_MODULE to audio_effects.h
Nathan Chancellor - sdcardfs: disable some log spam
Vladimir Zapolskiy - ARM: dts: imx31: move CCM device node to AIPS2 bus devices
Vladimir Zapolskiy - ARM: dts: imx31: fix clock control module interrupts description
Viresh Kumar - cpufreq: Make sure target freq is within limits
Viresh Kumar - cpufreq: Avoid calling cpufreq driver's target() routine if target_freq == policy->cur
David S. Miller - sparc64: Fix build warnings with gcc 7.
Francisco Franco - cpu: block cpu 0, 1, 2 and 3 from being unplugged
Sultanxda - cpu: Don't allow CPUs in the power cluster to be unplugged
Alexander Martinz - include: asm-generic: do not hard code HZ to 100
Rui Salvaterra - lib: lz4: fixed zram with lz4 on big endian machines
Francisco Franco - af_unix: fix tree version mismerge of b006ad2
Eric Dumazet - af_unix: fix struct pid memory leak
Francisco Franco - cpufreq: cpu-boost: don't boost the gold cluster unecessarily
Venkat Gopalakrishnan - mmc: sd: Error out on bus speed switch failure
Mel Gorman - mm: page_alloc: use word-based accesses for get/set pageblock bitmaps
Ulf Hansson - mmc: core: Use mmc_flush_cache() during mmc suspend
Girish Mahadevan - spi: spi_qsd: Modify the FIFO mode read/writes
Anshul Garg - Input: optimize events_per_packet count calculation
Mahesh Sivasubramanian - rpm-smd: Raise priority of thread waiting for SMD buffer
Krishnankutty Kolathappilly - msm: cpp: Limit the rate of pop buffer messages
Jens Axboe - cfq-iosched: fix the setting of IOPS mode on SSDs
Francisco Franco - cpufreq: interactive: remove hispeed_freq init restriction
Mikulas Patocka - BACKPORT: dm bufio: don't take the lock in dm_bufio_shrink_count
Douglas Anderson - BACKPORT: dm bufio: avoid sleeping while holding the dm_bufio lock
Jonathan Wicks - msm: kgsl: Add a trace event for the GPU clock
Sultan Qasim Khan - ASoC: msm: qdsp6v2: Fix mismerge of CVE-2017-0586 patch
Ben Hutchings - ipsec: Fix aborted xfrm policy dump crash
Ahmed Hady - defconfig: Disable CONFIG_ARM_UNWIND
mohamed sunfeer - compat_qcedev: Fix accessing userspace memory in kernel space
Jayant Shekhar - msm: mdss: Increase fbmem buf ref count before use
Ahmed Hady - defconfig: Enable Kcal Color Feature
savoca - msm: mdss: KCAL: Do not read from picture adjustment registers
savoca - msm: mdss: KCAL: Read values from MDP registers wherever possible
savoca - msm: mdss: KCAL: Apply default values on boot
savoca - msm: camera: Fix msm_sensor compilation errors
Ahmed Hady - Revert some unused variables
HelpMeRuth - vmstat: squash 4 patches from upstream
Shoaib0597 - Added support for Power-Efficient WorkQueue
Shoaib0597 - Implemented PowerEfficient WQ for Sound-Jack
Shoaib0597 - Implemented PowerEfficient WQ for Regulator Core
Shoaib0597 - Implemented PowerEfficient WQ for Delayed PowerDown
Shoaib0597 - Added support for Controlling Sched. Features
Zhao Xuewen - power: qpnp-charger: Extended charge time from 30s to 100s
anarkia1976 - fs: binfmt_elf: Fix get_atrandom_bytes defined but not used
imoseyon - random: Sprinkle e/f/prandom in places that deplete entropy often
imoseyon - net: af_packet: Merge fix
imoseyon - include: random: Declare erandom function
anarkia1976 - fs: binfmt_elf: Use prandom - do not deplete entropy
Theodore Ts'o - random: Allow architectures to optionally define random_get_entropy()
Daniel Borkmann - random32: Add prandom_u32_max and convert open coded users
Sasha Levin - lib: random32: Avoid attempt to late reseed if in the middle of seeding
Daniel Borkmann - lib: random32: Use msecs_to_jiffies for reseed timer
Daniel Borkmann - lib: random32: Add __init prefix to prandom_start_seed_timer
imoseyon - drivers: frandom: Initial commit v1.1
imoseyon - drivers: random: Remove warning
imoseyon - drivers: random: Prevent add_input from doing anything
Jan Kara - block: Reserve only one queue tag for sync IO if only 3 tags are available
Junxiao Bi - fs: writeback: Fix race that cause writeback hung
anarkia1976 - block: cfq: Tuning and burning
franciscofranco - block: bfq: Set IOPS mode by default with slice_idle set to 0
Tejun Heo - block: cfq: Minor cleanups
Tejun Heo - block: cfq: Fix oom cfq_queue ref leak in cfq_set_request()
Tejun Heo - block: cfq: Fix async oom queue handling
Tejun Heo - block: cfq: Simplify control flow in cfq_get_queue()
Jens Axboe - block: cfq: Fix the setting of IOPS mode on SSDs
franciscofranco - block: row: Add magic values
Pranav Vashi - msm: mdss: Silence log spam
Sergey Senozhatsky - zlib: clean up some dead code
andip71 - tcp_output: set initial TCP window size to 64K (speed improvement)
Anoop Kumar - Allow 320K AAC encoding
Chester Kener - block: Disable add_random
WANG Cong - taskstats: fix the length of cgroupstats_cmd_get_policy

